Build started 8/13/2020 2:58:45 PM.
     1>Project "C:\Users\ADMIN\Documents\Visual Studio 2010\Projects\6306021622053\lap-5\lap-5\lap-5.vcxproj" on node 2 (build target(s)).
     1>InitializeBuildStatus:
         Creating "Debug\lap-5.unsuccessfulbuild" because "AlwaysCreate" was specified.
       ClCompile:
         All outputs are up-to-date.
       ManifestResourceCompile:
         All outputs are up-to-date.
       Link:
         C:\Program Files (x86)\Microsoft Visual Studio 10.0\VC\bin\link.exe /ERRORREPORT:PROMPT /OUT:"C:\Users\ADMIN\Documents\Visual Studio 2010\Projects\6306021622053\lap-5\Debug\lap-5.exe" /INCREMENTAL /NOLOGO kernel32.lib user32.lib gdi32.lib winspool.lib comdlg32.lib advapi32.lib shell32.lib ole32.lib oleaut32.lib uuid.lib odbc32.lib odbccp32.lib /MANIFEST /ManifestFile:"Debug\lap-5.exe.intermediate.manifest" /MANIFESTUAC:"level='asInvoker' uiAccess='false'" /DEBUG /PDB:"C:\Users\ADMIN\Documents\Visual Studio 2010\Projects\6306021622053\lap-5\Debug\lap-5.pdb" /SUBSYSTEM:CONSOLE /TLBID:1 /DYNAMICBASE /NXCOMPAT /IMPLIB:"C:\Users\ADMIN\Documents\Visual Studio 2010\Projects\6306021622053\lap-5\Debug\lap-5.lib" /MACHINE:X86 "Debug\lap-5.exe.embed.manifest.res"
         "Debug\lap-5.obj"
       Manifest:
         C:\Program Files (x86)\Microsoft SDKs\Windows\v7.0A\bin\mt.exe /nologo /verbose /out:"Debug\lap-5.exe.embed.manifest" /manifest "Debug\lap-5.exe.intermediate.manifest"
         All outputs are up-to-date.
       LinkEmbedManifest:
         All outputs are up-to-date.
         lap-5.vcxproj -> C:\Users\ADMIN\Documents\Visual Studio 2010\Projects\6306021622053\lap-5\Debug\lap-5.exe
       FinalizeBuildStatus:
         Deleting file "Debug\lap-5.unsuccessfulbuild".
         Touching "Debug\lap-5.lastbuildstate".
     1>Done Building Project "C:\Users\ADMIN\Documents\Visual Studio 2010\Projects\6306021622053\lap-5\lap-5\lap-5.vcxproj" (build target(s)).

Build succeeded.

Time Elapsed 00:00:00.34
